<?xml version="1.0" encoding="UTF-8"?>
<testsuite name="com.socialmedia.calculator.bundle.BundleTest" tests="7" skipped="0" failures="0" errors="0" timestamp="2021-10-13T13:23:11" hostname="LITTLESIMONWORK" time="0.017">
  <properties/>
  <testcase name="createImageBundles()" classname="com.socialmedia.calculator.bundle.BundleTest" time="0.012"/>
  <testcase name="getNumbersInOneBundle()" classname="com.socialmedia.calculator.bundle.BundleTest" time="0.001"/>
  <testcase name="setAllProductFormatAndBundleMap()" classname="com.socialmedia.calculator.bundle.BundleTest" time="0.001"/>
  <testcase name="getAllProductFormatAndBundleMap()" classname="com.socialmedia.calculator.bundle.BundleTest" time="0.0"/>
  <testcase name="createPutBundlesToMap()" classname="com.socialmedia.calculator.bundle.BundleTest" time="0.0"/>
  <testcase name="createAudioBundles()" classname="com.socialmedia.calculator.bundle.BundleTest" time="0.001"/>
  <testcase name="createVideoBundles()" classname="com.socialmedia.calculator.bundle.BundleTest" time="0.001"/>
  <system-out><![CDATA[]]></system-out>
  <system-err><![CDATA[]]></system-err>
</testsuite>
